<?xml version="1.0" encoding="UTF-8"?>
<!-- Generated by org.testng.reporters.JUnitXMLReporter -->
<testsuite hostname="Yin_Yang" ignored="0" name="HomePage" tests="3" failures="0" timestamp="2021-07-26T13:57:17 IST" time="29.742" errors="0">
  <testcase name="BasePageNav" time="10.375" classname="TestCases.HomePage"/>
  <testcase name="BasePageNav" time="8.923" classname="TestCases.HomePage"/>
  <testcase name="BasePageNav" time="7.608" classname="TestCases.HomePage"/>
</testsuite> <!-- HomePage -->
