<?xml version="1.0" encoding="UTF-8"?>
<!-- Generated by org.testng.reporters.JUnitXMLReporter -->
<testsuite hostname="Yin_Yang" ignored="0" name="Test" tests="5" failures="0" timestamp="2021-07-21T14:00:01 IST" time="102.606" errors="0">
  <testcase name="BasePageNav" time="1.226" classname="TestCases.ValidateTitle"/>
  <testcase name="BasePageNav" time="23.02" classname="TestCases.HomePage"/>
  <testcase name="BasePageNav" time="4.923" classname="TestCases.HomePage"/>
  <testcase name="BasePageNav" time="6.488" classname="TestCases.HomePage"/>
  <testcase name="BasePageNav" time="21.248" classname="TestCases.ValidateNavigationBar"/>
</testsuite> <!-- Test -->
