<?xml version="1.0" encoding="UTF-8"?>
<!-- Generated by org.testng.reporters.JUnitXMLReporter -->
<testsuite hostname="Yin_Yang" ignored="0" name="HomePage" tests="3" failures="0" timestamp="2021-07-26T14:11:32 IST" time="24.686" errors="0">
  <testcase name="BasePageNav" time="8.662" classname="TestCases.HomePage"/>
  <testcase name="BasePageNav" time="7.099" classname="TestCases.HomePage"/>
  <testcase name="BasePageNav" time="6.448" classname="TestCases.HomePage"/>
</testsuite> <!-- HomePage -->
