<?xml version="1.0" encoding="UTF-8"?>
<!-- Generated by org.testng.reporters.JUnitXMLReporter -->
<testsuite hostname="Yin_Yang" ignored="0" name="Navigation" tests="1" failures="1" timestamp="2021-07-26T14:11:05 IST" time="33.522" errors="0">
  <testcase name="ValidateNavigationBartitle" time="13.229" classname="TestCases.ValidateNavigationBar">
    <failure type="java.lang.AssertionError" message="expected [FEATURED COURSES123] but found [FEATURED COURSES]">
      <![CDATA[java.lang.AssertionError: expected [FEATURED COURSES123] but found [FEATURED COURSES]
at TestCases.ValidateNavigationBar.ValidateNavigationBartitle(ValidateNavigationBar.java:36)
at java.util.ArrayList.forEach(ArrayList.java:1259)
... Removed 37 stack frames]]>
    </failure>
  </testcase> <!-- ValidateNavigationBartitle -->
</testsuite> <!-- Navigation -->
