<?xml version="1.0" encoding="UTF-8"?>
<!-- Generated by org.testng.reporters.JUnitXMLReporter -->
<testsuite hostname="Yin_Yang" ignored="0" name="Test" tests="5" failures="0" timestamp="2021-07-21T18:55:04 IST" time="122.122" errors="0">
  <testcase name="BasePageNav" time="0.63" classname="TestCases.ValidateTitle"/>
  <testcase name="BasePageNav" time="13.679" classname="TestCases.HomePage"/>
  <testcase name="BasePageNav" time="14.494" classname="TestCases.HomePage"/>
  <testcase name="BasePageNav" time="8.968" classname="TestCases.HomePage"/>
  <testcase name="BasePageNav" time="12.925" classname="TestCases.ValidateNavigationBar"/>
</testsuite> <!-- Test -->
