-------------------------------------------------------------------------------
Test set: TestSuite
-------------------------------------------------------------------------------
Tests run: 5, Failures: 1, Errors: 0, Skipped: 0, Time elapsed: 78.54 s <<< FAILURE! - in TestSuite
TestCases.ValidateNavigationBar.ValidateNavigationBartitle  Time elapsed: 12.732 s  <<< FAILURE!
java.lang.AssertionError: expected [FEATURED COURSES123] but found [FEATURED COURSES]
	at TestCases.ValidateNavigationBar.ValidateNavigationBartitle(ValidateNavigationBar.java:36)

